  btlon.cpp
c:\users\win 8.1 vs8 x64\documents\visual studio 2015\projects\btlon\btlon\btlon.cpp(11): warning C4101: 'a': unreferenced local variable
c:\users\win 8.1 vs8 x64\documents\visual studio 2015\projects\btlon\btlon\btlon.cpp(39): warning C4244: '=': conversion from 'float' to 'int', possible loss of data
c:\users\win 8.1 vs8 x64\documents\visual studio 2015\projects\btlon\btlon\btlon.cpp(40): warning C4244: '=': conversion from 'int' to 'float', possible loss of data
c:\users\win 8.1 vs8 x64\documents\visual studio 2015\projects\btlon\btlon\btlon.cpp(142): warning C4244: '=': conversion from 'int' to 'float', possible loss of data
c:\users\win 8.1 vs8 x64\documents\visual studio 2015\projects\btlon\btlon\btlon.cpp(150): warning C4244: 'argument': conversion from 'int' to 'float', possible loss of data
c:\users\win 8.1 vs8 x64\documents\visual studio 2015\projects\btlon\btlon\btlon.cpp(160): warning C4244: '=': conversion from 'int' to 'float', possible loss of data
c:\users\win 8.1 vs8 x64\documents\visual studio 2015\projects\btlon\btlon\btlon.cpp(161): warning C4244: 'argument': conversion from 'float' to 'int', possible loss of data
c:\users\win 8.1 vs8 x64\documents\visual studio 2015\projects\btlon\btlon\btlon.cpp(154): warning C4477: 'printf' : format string '%f' requires an argument of type 'double', but variadic argument 1 has type 'int'
c:\users\win 8.1 vs8 x64\documents\visual studio 2015\projects\btlon\btlon\btlon.cpp(197): warning C4244: 'argument': conversion from 'int' to 'float', possible loss of data
c:\users\win 8.1 vs8 x64\documents\visual studio 2015\projects\btlon\btlon\btlon.cpp(197): warning C4244: '=': conversion from 'float' to 'int', possible loss of data
c:\users\win 8.1 vs8 x64\documents\visual studio 2015\projects\btlon\btlon\btlon.cpp(198): warning C4244: '=': conversion from 'int' to 'float', possible loss of data
c:\users\win 8.1 vs8 x64\documents\visual studio 2015\projects\btlon\btlon\btlon.cpp(219): warning C4244: 'argument': conversion from 'int' to 'float', possible loss of data
c:\users\win 8.1 vs8 x64\documents\visual studio 2015\projects\btlon\btlon\btlon.cpp(219): warning C4554: '&': check operator precedence for possible error; use parentheses to clarify precedence
c:\users\win 8.1 vs8 x64\documents\visual studio 2015\projects\btlon\btlon\btlon.cpp(244): warning C4244: 'argument': conversion from 'int' to 'float', possible loss of data
c:\users\win 8.1 vs8 x64\documents\visual studio 2015\projects\btlon\btlon\btlon.cpp(244): warning C4244: '=': conversion from 'float' to 'int', possible loss of data
c:\users\win 8.1 vs8 x64\documents\visual studio 2015\projects\btlon\btlon\btlon.cpp(245): warning C4244: '=': conversion from 'int' to 'float', possible loss of data
c:\users\win 8.1 vs8 x64\documents\visual studio 2015\projects\btlon\btlon\btlon.cpp(245): warning C4305: '=': truncation from 'double' to 'float'
c:\users\win 8.1 vs8 x64\documents\visual studio 2015\projects\btlon\btlon\btlon.cpp(185): warning C4477: 'scanf_s' : format string '%d' requires an argument of type 'int *', but variadic argument 1 has type 'int **'
c:\users\win 8.1 vs8 x64\documents\visual studio 2015\projects\btlon\btlon\btlon.cpp(187): warning C4477: 'scanf_s' : format string '%d' requires an argument of type 'int *', but variadic argument 1 has type 'int **'
c:\users\win 8.1 vs8 x64\documents\visual studio 2015\projects\btlon\btlon\btlon.cpp(189): warning C4477: 'scanf_s' : format string '%d' requires an argument of type 'int *', but variadic argument 1 has type 'int **'
c:\users\win 8.1 vs8 x64\documents\visual studio 2015\projects\btlon\btlon\btlon.cpp(205): warning C4474: 'printf' : too many arguments passed for format string
  c:\users\win 8.1 vs8 x64\documents\visual studio 2015\projects\btlon\btlon\btlon.cpp(205): note: placeholders and their parameters expect 0 variadic arguments, but 1 were provided
c:\users\win 8.1 vs8 x64\documents\visual studio 2015\projects\btlon\btlon\btlon.cpp(212): warning C4474: 'printf' : too many arguments passed for format string
  c:\users\win 8.1 vs8 x64\documents\visual studio 2015\projects\btlon\btlon\btlon.cpp(212): note: placeholders and their parameters expect 0 variadic arguments, but 1 were provided
c:\users\win 8.1 vs8 x64\documents\visual studio 2015\projects\btlon\btlon\btlon.cpp(228): warning C4474: 'printf' : too many arguments passed for format string
  c:\users\win 8.1 vs8 x64\documents\visual studio 2015\projects\btlon\btlon\btlon.cpp(228): note: placeholders and their parameters expect 0 variadic arguments, but 1 were provided
c:\users\win 8.1 vs8 x64\documents\visual studio 2015\projects\btlon\btlon\btlon.cpp(235): warning C4474: 'printf' : too many arguments passed for format string
  c:\users\win 8.1 vs8 x64\documents\visual studio 2015\projects\btlon\btlon\btlon.cpp(235): note: placeholders and their parameters expect 0 variadic arguments, but 1 were provided
c:\users\win 8.1 vs8 x64\documents\visual studio 2015\projects\btlon\btlon\btlon.cpp(254): warning C4474: 'printf' : too many arguments passed for format string
  c:\users\win 8.1 vs8 x64\documents\visual studio 2015\projects\btlon\btlon\btlon.cpp(254): note: placeholders and their parameters expect 0 variadic arguments, but 1 were provided
c:\users\win 8.1 vs8 x64\documents\visual studio 2015\projects\btlon\btlon\btlon.cpp(260): warning C4474: 'printf' : too many arguments passed for format string
  c:\users\win 8.1 vs8 x64\documents\visual studio 2015\projects\btlon\btlon\btlon.cpp(260): note: placeholders and their parameters expect 0 variadic arguments, but 1 were provided
c:\users\win 8.1 vs8 x64\documents\visual studio 2015\projects\btlon\btlon\btlon.cpp(274): warning C4474: 'printf' : too many arguments passed for format string
  c:\users\win 8.1 vs8 x64\documents\visual studio 2015\projects\btlon\btlon\btlon.cpp(274): note: placeholders and their parameters expect 0 variadic arguments, but 1 were provided
c:\users\win 8.1 vs8 x64\documents\visual studio 2015\projects\btlon\btlon\btlon.cpp(175): warning C4101: 'a': unreferenced local variable
c:\users\win 8.1 vs8 x64\documents\visual studio 2015\projects\btlon\btlon\btlon.cpp(282): warning C4717: 'main': recursive on all control paths, function will cause runtime stack overflow
  btlon.vcxproj -> C:\Users\Win 8.1 VS8 X64\Documents\Visual Studio 2015\Projects\btlon\Debug\btlon.exe
